# JRE version: OpenJDK Runtime Environment (8.0_422-b05) (build 1.8.0_422-b05)
# Java VM: OpenJDK 64-Bit Server VM (25.422-b05 mixed mode windows-amd64 compressed oops)
Heap:
 PSYoungGen      total 75264K, used 3870K [0x000000076c180000, 0x0000000771580000, 0x00000007c0000000)
  eden space 64512K, 6% used [0x000000076c180000,0x000000076c547b48,0x0000000770080000)
  from space 10752K, 0% used [0x0000000770080000,0x0000000770080000,0x0000000770b00000)
  to   space 10752K, 0% used [0x0000000770b00000,0x0000000770b00000,0x0000000771580000)
 ParOldGen       total 172032K, used 13511K [0x00000006c4400000, 0x00000006cec00000, 0x000000076c180000)
  object space 172032K, 7% used [0x00000006c4400000,0x00000006c5131d60,0x00000006cec00000)
 Metaspace       used 9463K, capacity 9599K, committed 9856K, reserved 1058816K
  class space    used 968K, capacity 1034K, committed 1152K, reserved 1048576K
GC Heap History (4 events):
Event: 1.039 GC heap before
{Heap before GC invocations=1 (full 0):
 PSYoungGen      total 75264K, used 30921K [0x000000076c180000, 0x0000000771580000, 0x00000007c0000000)
  eden space 64512K, 47% used [0x000000076c180000,0x000000076dfb2478,0x0000000770080000)
  from space 10752K, 0% used [0x0000000770b00000,0x0000000770b00000,0x0000000771580000)
  to   space 10752K, 0% used [0x0000000770080000,0x0000000770080000,0x0000000770b00000)
 ParOldGen       total 172032K, used 0K [0x00000006c4400000, 0x00000006cec00000, 0x000000076c180000)
  object space 172032K, 0% used [0x00000006c4400000,0x00000006c4400000,0x00000006cec00000)
 Metaspace       used 9433K, capacity 9599K, committed 9856K, reserved 1058816K
  class space    used 965K, capacity 1034K, committed 1152K, reserved 1048576K
Event: 1.047 GC heap after
Heap after GC invocations=1 (full 0):
 PSYoungGen      total 75264K, used 10720K [0x000000076c180000, 0x0000000771580000, 0x00000007c0000000)
  eden space 64512K, 0% used [0x000000076c180000,0x000000076c180000,0x0000000770080000)
  from space 10752K, 99% used [0x0000000770080000,0x0000000770af8050,0x0000000770b00000)
  to   space 10752K, 0% used [0x0000000770b00000,0x0000000770b00000,0x0000000771580000)
 ParOldGen       total 172032K, used 2942K [0x00000006c4400000, 0x00000006cec00000, 0x000000076c180000)
  object space 172032K, 1% used [0x00000006c4400000,0x00000006c46dfba8,0x00000006cec00000)
 Metaspace       used 9433K, capacity 9599K, committed 9856K, reserved 1058816K
  class space    used 965K, capacity 1034K, committed 1152K, reserved 1048576K
}
Event: 1.047 GC heap before
{Heap before GC invocations=2 (full 1):
 PSYoungGen      total 75264K, used 10720K [0x000000076c180000, 0x0000000771580000, 0x00000007c0000000)
  eden space 64512K, 0% used [0x000000076c180000,0x000000076c180000,0x0000000770080000)
  from space 10752K, 99% used [0x0000000770080000,0x0000000770af8050,0x0000000770b00000)
  to   space 10752K, 0% used [0x0000000770b00000,0x0000000770b00000,0x0000000771580000)
 ParOldGen       total 172032K, used 2942K [0x00000006c4400000, 0x00000006cec00000, 0x000000076c180000)
  object space 172032K, 1% used [0x00000006c4400000,0x00000006c46dfba8,0x00000006cec00000)
 Metaspace       used 9433K, capacity 9599K, committed 9856K, reserved 1058816K
  class space    used 965K, capacity 1034K, committed 1152K, reserved 1048576K
Event: 1.073 GC heap after
Heap after GC invocations=2 (full 1):
 PSYoungGen      total 75264K, used 0K [0x000000076c180000, 0x0000000771580000, 0x00000007c0000000)
  eden space 64512K, 0% used [0x000000076c180000,0x000000076c180000,0x0000000770080000)
  from space 10752K, 0% used [0x0000000770080000,0x0000000770080000,0x0000000770b00000)
  to   space 10752K, 0% used [0x0000000770b00000,0x0000000770b00000,0x0000000771580000)
 ParOldGen       total 172032K, used 13511K [0x00000006c4400000, 0x00000006cec00000, 0x000000076c180000)
  object space 172032K, 7% used [0x00000006c4400000,0x00000006c5131d60,0x00000006cec00000)
 Metaspace       used 9433K, capacity 9599K, committed 9856K, reserved 1058816K
  class space    used 965K, capacity 1034K, committed 1152K, reserved 1048576K
}

